[     575ms] [WARNING] Allow attribute will take precedence over 'allowfullscreen'. @ https://www.theqah.com.sa/:7
[    1565ms] [WARNING] You will need to pass in an @ies/starling_intl instance by using registerReactInstance @ https://sf16-website-login.neutral.ttwstatic.com/obj/tiktok_web_login_static/tiktok_4d_playback/static/js/421.c946f38bd7.js:1
[    1582ms] [WARNING] You will need to pass in an @ies/starling_intl instance by using registerReactInstance @ https://sf16-website-login.neutral.ttwstatic.com/obj/tiktok_web_login_static/tiktok_4d_playback/static/js/421.c946f38bd7.js:1
[    1626ms] [LOG] %c %s color: yellow; background-color: black; [instance: default] appid: 1988, userInfo:{"user_unique_id":"7625719954579342864","web_id":"7625719968881493522"} @ https://sf16-website-login.neutral.ttwstatic.com/obj/tiktok_web_login_static/log-sdk/collect/5.2/oversea/collect.js:0
[    1627ms] [LOG] %c %s color: yellow; background-color: black; [instance: default] appid: 1988, sdk is ready, version is 5.3.12_oversea, you can report now !!! @ https://sf16-website-login.neutral.ttwstatic.com/obj/tiktok_web_login_static/log-sdk/collect/5.2/oversea/collect.js:0
[    1651ms] [LOG] %c %s color: yellow; background-color: black; [instance: default] appid: 1988, userInfo:{"user_unique_id":"7625719954579342864","web_id":"7625719968881493522"} @ https://sf16-website-login.neutral.ttwstatic.com/obj/tiktok_web_login_static/log-sdk/collect/5.2/oversea/collect.js:0
[    1652ms] [LOG] %c %s color: yellow; background-color: black; [instance: default] appid: 1988, sdk is ready, version is 5.3.12_oversea, you can report now !!! @ https://sf16-website-login.neutral.ttwstatic.com/obj/tiktok_web_login_static/log-sdk/collect/5.2/oversea/collect.js:0
[    1695ms] [ERROR] Consume appContext before init @ https://sf16-website-login.neutral.ttwstatic.com/obj/tiktok_web_login_static/tiktok_4d_playback/static/js/main.bb7fc0ec4b.js:1
[    1696ms] [ERROR] Consume appContext before init @ https://sf16-website-login.neutral.ttwstatic.com/obj/tiktok_web_login_static/tiktok_4d_playback/static/js/main.bb7fc0ec4b.js:1
[    1732ms] [WARNING] getRelatedApps failed InvalidStateError: Failed to execute 'getInstalledRelatedApps' on 'Navigator': getInstalledRelatedApps() is only supported in top-level browsing contexts.
    at o (https://sf16-website-login.neutral.ttwstatic.com/obj/tiktok_web_login_static/tiktok_4d_playback/static/js/async/109.2042ff0b52.js:2:18475)
    at o.next (<anonymous>)
    at https://sf16-website-login.neutral.ttwstatic.com/obj/tiktok_web_login_static/tiktok_4d_playback/static/js/async/109.2042ff0b52.js:2:18893
    at new Promise (<anonymous>)
    at https://sf16-website-login.neutral.ttwstatic.com/obj/tiktok_web_login_static/tiktok_4d_playback/static/js/async/109.2042ff0b52.js:2:18642
    at o1 (https://sf16-website-login.neutral.ttwstatic.com/obj/tiktok_web_login_static/tiktok_4d_playback/static/js/lib-react.d1223d7aeb.js:2:92980)
    at i_ (https://sf16-website-login.neutral.ttwstatic.com/obj/tiktok_web_login_static/tiktok_4d_playback/static/js/lib-react.d1223d7aeb.js:2:108868)
    at iC (https://sf16-website-login.neutral.ttwstatic.com/obj/tiktok_web_login_static/tiktok_4d_playback/static/js/lib-react.d1223d7aeb.js:2:108752)
    at i_ (https://sf16-website-login.neutral.ttwstatic.com/obj/tiktok_web_login_static/tiktok_4d_playback/static/js/lib-react.d1223d7aeb.js:2:108848)
    at iC (https://sf16-website-login.neutral.ttwstatic.com/obj/tiktok_web_login_static/tiktok_4d_playback/static/js/lib-react.d1223d7aeb.js:2:108752) @ https://sf16-website-login.neutral.ttwstatic.com/obj/tiktok_web_login_static/tiktok_4d_playback/static/js/async/109.2042ff0b52.js:1
[    1740ms] [ERROR] Consume appContext before init @ https://sf16-website-login.neutral.ttwstatic.com/obj/tiktok_web_login_static/tiktok_4d_playback/static/js/main.bb7fc0ec4b.js:1
[    1740ms] [ERROR] Consume appContext before init @ https://sf16-website-login.neutral.ttwstatic.com/obj/tiktok_web_login_static/tiktok_4d_playback/static/js/main.bb7fc0ec4b.js:1
[    1776ms] [WARNING] getRelatedApps failed InvalidStateError: Failed to execute 'getInstalledRelatedApps' on 'Navigator': getInstalledRelatedApps() is only supported in top-level browsing contexts.
    at o (https://sf16-website-login.neutral.ttwstatic.com/obj/tiktok_web_login_static/tiktok_4d_playback/static/js/async/109.2042ff0b52.js:2:18475)
    at o.next (<anonymous>)
    at https://sf16-website-login.neutral.ttwstatic.com/obj/tiktok_web_login_static/tiktok_4d_playback/static/js/async/109.2042ff0b52.js:2:18893
    at new Promise (<anonymous>)
    at https://sf16-website-login.neutral.ttwstatic.com/obj/tiktok_web_login_static/tiktok_4d_playback/static/js/async/109.2042ff0b52.js:2:18642
    at o1 (https://sf16-website-login.neutral.ttwstatic.com/obj/tiktok_web_login_static/tiktok_4d_playback/static/js/lib-react.d1223d7aeb.js:2:92980)
    at i_ (https://sf16-website-login.neutral.ttwstatic.com/obj/tiktok_web_login_static/tiktok_4d_playback/static/js/lib-react.d1223d7aeb.js:2:108868)
    at iC (https://sf16-website-login.neutral.ttwstatic.com/obj/tiktok_web_login_static/tiktok_4d_playback/static/js/lib-react.d1223d7aeb.js:2:108752)
    at i_ (https://sf16-website-login.neutral.ttwstatic.com/obj/tiktok_web_login_static/tiktok_4d_playback/static/js/lib-react.d1223d7aeb.js:2:108848)
    at iC (https://sf16-website-login.neutral.ttwstatic.com/obj/tiktok_web_login_static/tiktok_4d_playback/static/js/lib-react.d1223d7aeb.js:2:108752) @ https://sf16-website-login.neutral.ttwstatic.com/obj/tiktok_web_login_static/tiktok_4d_playback/static/js/async/109.2042ff0b52.js:1
[    1943ms] [LOG] %c %s color: yellow; background-color: black; [instance: cookie_banner_tea_sdk] appid: 345918, userInfo:{"user_unique_id":"7625719969049724434","web_id":"7625719969049724434"} @ https://sf16-website-login.neutral.ttwstatic.com/obj/tiktok_web_login_static/tiktok_4d_playback/static/js/421.c946f38bd7.js:1
[    1943ms] [LOG] %c %s color: yellow; background-color: black; [instance: cookie_banner_tea_sdk] appid: 345918, sdk is ready, version is 5.3.15_oversea, you can report now !!! @ https://sf16-website-login.neutral.ttwstatic.com/obj/tiktok_web_login_static/tiktok_4d_playback/static/js/421.c946f38bd7.js:1
[    2044ms] [ERROR] Consume appContext before init @ https://sf16-website-login.neutral.ttwstatic.com/obj/tiktok_web_login_static/tiktok_4d_playback/static/js/main.bb7fc0ec4b.js:1
[    2143ms] [ERROR] Consume appContext before init @ https://sf16-website-login.neutral.ttwstatic.com/obj/tiktok_web_login_static/tiktok_4d_playback/static/js/main.bb7fc0ec4b.js:1
[    2517ms] [LOG] %c %s color: yellow; background-color: black; [instance: cookie_banner_tea_sdk] appid: 345918, userInfo:{"user_unique_id":"7625719969049724434","web_id":"7625719969049724434"} @ https://sf16-website-login.neutral.ttwstatic.com/obj/tiktok_web_login_static/tiktok_4d_playback/static/js/421.c946f38bd7.js:1
[    2517ms] [LOG] %c %s color: yellow; background-color: black; [instance: cookie_banner_tea_sdk] appid: 345918, sdk is ready, version is 5.3.15_oversea, you can report now !!! @ https://sf16-website-login.neutral.ttwstatic.com/obj/tiktok_web_login_static/tiktok_4d_playback/static/js/421.c946f38bd7.js:1
[   68150ms] [WARNING] Allow attribute will take precedence over 'allowfullscreen'. @ https://www.theqah.com.sa/:7
[   68388ms] [WARNING] Allow attribute will take precedence over 'allowfullscreen'. @ https://www.theqah.com.sa/:7
[   68790ms] [WARNING] You will need to pass in an @ies/starling_intl instance by using registerReactInstance @ https://sf16-website-login.neutral.ttwstatic.com/obj/tiktok_web_login_static/tiktok_4d_playback/static/js/421.c946f38bd7.js:1
[   68819ms] [LOG] %c %s color: yellow; background-color: black; [instance: default] appid: 1988, userInfo:{"user_unique_id":"7625719954579342864","web_id":"7625719968881493522"} @ https://sf16-website-login.neutral.ttwstatic.com/obj/tiktok_web_login_static/log-sdk/collect/5.2/oversea/collect.js:0
[   68819ms] [LOG] %c %s color: yellow; background-color: black; [instance: default] appid: 1988, sdk is ready, version is 5.3.12_oversea, you can report now !!! @ https://sf16-website-login.neutral.ttwstatic.com/obj/tiktok_web_login_static/log-sdk/collect/5.2/oversea/collect.js:0
[   68855ms] [WARNING] Allow attribute will take precedence over 'allowfullscreen'. @ https://www.theqah.com.sa/?ref=certificate:7
[   69201ms] [WARNING] Allow attribute will take precedence over 'allowfullscreen'. @ https://www.theqah.com.sa/?ref=widget:7
[   69377ms] [WARNING] Allow attribute will take precedence over 'allowfullscreen'. @ https://www.theqah.com.sa/:7
[   69556ms] [WARNING] Allow attribute will take precedence over 'allowfullscreen'. @ https://www.theqah.com.sa/?ref=certificate:7
[   69761ms] [WARNING] Allow attribute will take precedence over 'allowfullscreen'. @ https://www.theqah.com.sa/?ref=widget:7
[   70193ms] [WARNING] You will need to pass in an @ies/starling_intl instance by using registerReactInstance @ https://sf16-website-login.neutral.ttwstatic.com/obj/tiktok_web_login_static/tiktok_4d_playback/static/js/421.c946f38bd7.js:1
[   70214ms] [WARNING] You will need to pass in an @ies/starling_intl instance by using registerReactInstance @ https://sf16-website-login.neutral.ttwstatic.com/obj/tiktok_web_login_static/tiktok_4d_playback/static/js/421.c946f38bd7.js:1
[   70240ms] [LOG] %c %s color: yellow; background-color: black; [instance: default] appid: 1988, userInfo:{"user_unique_id":"7625719954579342864","web_id":"7625719968881493522"} @ https://sf16-website-login.neutral.ttwstatic.com/obj/tiktok_web_login_static/log-sdk/collect/5.2/oversea/collect.js:0
[   70241ms] [LOG] %c %s color: yellow; background-color: black; [instance: default] appid: 1988, sdk is ready, version is 5.3.12_oversea, you can report now !!! @ https://sf16-website-login.neutral.ttwstatic.com/obj/tiktok_web_login_static/log-sdk/collect/5.2/oversea/collect.js:0
[   70262ms] [LOG] %c %s color: yellow; background-color: black; [instance: default] appid: 1988, userInfo:{"user_unique_id":"7625719954579342864","web_id":"7625719968881493522"} @ https://sf16-website-login.neutral.ttwstatic.com/obj/tiktok_web_login_static/log-sdk/collect/5.2/oversea/collect.js:0
[   70263ms] [LOG] %c %s color: yellow; background-color: black; [instance: default] appid: 1988, sdk is ready, version is 5.3.12_oversea, you can report now !!! @ https://sf16-website-login.neutral.ttwstatic.com/obj/tiktok_web_login_static/log-sdk/collect/5.2/oversea/collect.js:0
[   70302ms] [ERROR] Consume appContext before init @ https://sf16-website-login.neutral.ttwstatic.com/obj/tiktok_web_login_static/tiktok_4d_playback/static/js/main.bb7fc0ec4b.js:1
[   70304ms] [ERROR] Consume appContext before init @ https://sf16-website-login.neutral.ttwstatic.com/obj/tiktok_web_login_static/tiktok_4d_playback/static/js/main.bb7fc0ec4b.js:1
[   70324ms] [ERROR] Consume appContext before init @ https://sf16-website-login.neutral.ttwstatic.com/obj/tiktok_web_login_static/tiktok_4d_playback/static/js/main.bb7fc0ec4b.js:1
[   70325ms] [ERROR] Consume appContext before init @ https://sf16-website-login.neutral.ttwstatic.com/obj/tiktok_web_login_static/tiktok_4d_playback/static/js/main.bb7fc0ec4b.js:1
[   70361ms] [WARNING] getRelatedApps failed InvalidStateError: Failed to execute 'getInstalledRelatedApps' on 'Navigator': getInstalledRelatedApps() is only supported in top-level browsing contexts.
    at o (https://sf16-website-login.neutral.ttwstatic.com/obj/tiktok_web_login_static/tiktok_4d_playback/static/js/async/109.2042ff0b52.js:2:18475)
    at o.next (<anonymous>)
    at https://sf16-website-login.neutral.ttwstatic.com/obj/tiktok_web_login_static/tiktok_4d_playback/static/js/async/109.2042ff0b52.js:2:18893
    at new Promise (<anonymous>)
    at https://sf16-website-login.neutral.ttwstatic.com/obj/tiktok_web_login_static/tiktok_4d_playback/static/js/async/109.2042ff0b52.js:2:18642
    at o1 (https://sf16-website-login.neutral.ttwstatic.com/obj/tiktok_web_login_static/tiktok_4d_playback/static/js/lib-react.d1223d7aeb.js:2:92980)
    at i_ (https://sf16-website-login.neutral.ttwstatic.com/obj/tiktok_web_login_static/tiktok_4d_playback/static/js/lib-react.d1223d7aeb.js:2:108868)
    at iC (https://sf16-website-login.neutral.ttwstatic.com/obj/tiktok_web_login_static/tiktok_4d_playback/static/js/lib-react.d1223d7aeb.js:2:108752)
    at i_ (https://sf16-website-login.neutral.ttwstatic.com/obj/tiktok_web_login_static/tiktok_4d_playback/static/js/lib-react.d1223d7aeb.js:2:108848)
    at iC (https://sf16-website-login.neutral.ttwstatic.com/obj/tiktok_web_login_static/tiktok_4d_playback/static/js/lib-react.d1223d7aeb.js:2:108752) @ https://sf16-website-login.neutral.ttwstatic.com/obj/tiktok_web_login_static/tiktok_4d_playback/static/js/async/109.2042ff0b52.js:1
[   70374ms] [WARNING] getRelatedApps failed InvalidStateError: Failed to execute 'getInstalledRelatedApps' on 'Navigator': getInstalledRelatedApps() is only supported in top-level browsing contexts.
    at o (https://sf16-website-login.neutral.ttwstatic.com/obj/tiktok_web_login_static/tiktok_4d_playback/static/js/async/109.2042ff0b52.js:2:18475)
    at o.next (<anonymous>)
    at https://sf16-website-login.neutral.ttwstatic.com/obj/tiktok_web_login_static/tiktok_4d_playback/static/js/async/109.2042ff0b52.js:2:18893
    at new Promise (<anonymous>)
    at https://sf16-website-login.neutral.ttwstatic.com/obj/tiktok_web_login_static/tiktok_4d_playback/static/js/async/109.2042ff0b52.js:2:18642
    at o1 (https://sf16-website-login.neutral.ttwstatic.com/obj/tiktok_web_login_static/tiktok_4d_playback/static/js/lib-react.d1223d7aeb.js:2:92980)
    at i_ (https://sf16-website-login.neutral.ttwstatic.com/obj/tiktok_web_login_static/tiktok_4d_playback/static/js/lib-react.d1223d7aeb.js:2:108868)
    at iC (https://sf16-website-login.neutral.ttwstatic.com/obj/tiktok_web_login_static/tiktok_4d_playback/static/js/lib-react.d1223d7aeb.js:2:108752)
    at i_ (https://sf16-website-login.neutral.ttwstatic.com/obj/tiktok_web_login_static/tiktok_4d_playback/static/js/lib-react.d1223d7aeb.js:2:108848)
    at iC (https://sf16-website-login.neutral.ttwstatic.com/obj/tiktok_web_login_static/tiktok_4d_playback/static/js/lib-react.d1223d7aeb.js:2:108752) @ https://sf16-website-login.neutral.ttwstatic.com/obj/tiktok_web_login_static/tiktok_4d_playback/static/js/async/109.2042ff0b52.js:1
[   70513ms] [LOG] %c %s color: yellow; background-color: black; [instance: cookie_banner_tea_sdk] appid: 345918, userInfo:{"user_unique_id":"7625719969049724434","web_id":"7625719969049724434"} @ https://sf16-website-login.neutral.ttwstatic.com/obj/tiktok_web_login_static/tiktok_4d_playback/static/js/421.c946f38bd7.js:1
[   70514ms] [LOG] %c %s color: yellow; background-color: black; [instance: cookie_banner_tea_sdk] appid: 345918, sdk is ready, version is 5.3.15_oversea, you can report now !!! @ https://sf16-website-login.neutral.ttwstatic.com/obj/tiktok_web_login_static/tiktok_4d_playback/static/js/421.c946f38bd7.js:1
[   70730ms] [ERROR] Consume appContext before init @ https://sf16-website-login.neutral.ttwstatic.com/obj/tiktok_web_login_static/tiktok_4d_playback/static/js/main.bb7fc0ec4b.js:1
[   70804ms] [ERROR] Consume appContext before init @ https://sf16-website-login.neutral.ttwstatic.com/obj/tiktok_web_login_static/tiktok_4d_playback/static/js/main.bb7fc0ec4b.js:1
[   71061ms] [LOG] %c %s color: yellow; background-color: black; [instance: cookie_banner_tea_sdk] appid: 345918, userInfo:{"user_unique_id":"7625719969049724434","web_id":"7625719969049724434"} @ https://sf16-website-login.neutral.ttwstatic.com/obj/tiktok_web_login_static/tiktok_4d_playback/static/js/421.c946f38bd7.js:1
[   71062ms] [LOG] %c %s color: yellow; background-color: black; [instance: cookie_banner_tea_sdk] appid: 345918, sdk is ready, version is 5.3.15_oversea, you can report now !!! @ https://sf16-website-login.neutral.ttwstatic.com/obj/tiktok_web_login_static/tiktok_4d_playback/static/js/421.c946f38bd7.js:1
[   79820ms] [WARNING] Allow attribute will take precedence over 'allowfullscreen'. @ https://www.theqah.com.sa/:7
[   80341ms] [WARNING] Allow attribute will take precedence over 'allowfullscreen'. @ https://www.theqah.com.sa/?ref=widget:7
[   80749ms] [WARNING] Allow attribute will take precedence over 'allowfullscreen'. @ https://www.theqah.com.sa/?ref=certificate:7
[   81284ms] [WARNING] You will need to pass in an @ies/starling_intl instance by using registerReactInstance @ https://sf16-website-login.neutral.ttwstatic.com/obj/tiktok_web_login_static/tiktok_4d_playback/static/js/421.c946f38bd7.js:1
[   81321ms] [LOG] %c %s color: yellow; background-color: black; [instance: default] appid: 1988, userInfo:{"user_unique_id":"7625719954579342864","web_id":"7625719968881493522"} @ https://sf16-website-login.neutral.ttwstatic.com/obj/tiktok_web_login_static/log-sdk/collect/5.2/oversea/collect.js:0
[   81322ms] [LOG] %c %s color: yellow; background-color: black; [instance: default] appid: 1988, sdk is ready, version is 5.3.12_oversea, you can report now !!! @ https://sf16-website-login.neutral.ttwstatic.com/obj/tiktok_web_login_static/log-sdk/collect/5.2/oversea/collect.js:0
[   81427ms] [WARNING] You will need to pass in an @ies/starling_intl instance by using registerReactInstance @ https://sf16-website-login.neutral.ttwstatic.com/obj/tiktok_web_login_static/tiktok_4d_playback/static/js/421.c946f38bd7.js:1
[   81467ms] [LOG] %c %s color: yellow; background-color: black; [instance: default] appid: 1988, userInfo:{"user_unique_id":"7625719954579342864","web_id":"7625719968881493522"} @ https://sf16-website-login.neutral.ttwstatic.com/obj/tiktok_web_login_static/log-sdk/collect/5.2/oversea/collect.js:0
[   81467ms] [LOG] %c %s color: yellow; background-color: black; [instance: default] appid: 1988, sdk is ready, version is 5.3.12_oversea, you can report now !!! @ https://sf16-website-login.neutral.ttwstatic.com/obj/tiktok_web_login_static/log-sdk/collect/5.2/oversea/collect.js:0
[   81485ms] [ERROR] Consume appContext before init @ https://sf16-website-login.neutral.ttwstatic.com/obj/tiktok_web_login_static/tiktok_4d_playback/static/js/main.bb7fc0ec4b.js:1
[   81486ms] [ERROR] Consume appContext before init @ https://sf16-website-login.neutral.ttwstatic.com/obj/tiktok_web_login_static/tiktok_4d_playback/static/js/main.bb7fc0ec4b.js:1
[   81526ms] [WARNING] getRelatedApps failed InvalidStateError: Failed to execute 'getInstalledRelatedApps' on 'Navigator': getInstalledRelatedApps() is only supported in top-level browsing contexts.
    at o (https://sf16-website-login.neutral.ttwstatic.com/obj/tiktok_web_login_static/tiktok_4d_playback/static/js/async/109.2042ff0b52.js:2:18475)
    at o.next (<anonymous>)
    at https://sf16-website-login.neutral.ttwstatic.com/obj/tiktok_web_login_static/tiktok_4d_playback/static/js/async/109.2042ff0b52.js:2:18893
    at new Promise (<anonymous>)
    at https://sf16-website-login.neutral.ttwstatic.com/obj/tiktok_web_login_static/tiktok_4d_playback/static/js/async/109.2042ff0b52.js:2:18642
    at o1 (https://sf16-website-login.neutral.ttwstatic.com/obj/tiktok_web_login_static/tiktok_4d_playback/static/js/lib-react.d1223d7aeb.js:2:92980)
    at i_ (https://sf16-website-login.neutral.ttwstatic.com/obj/tiktok_web_login_static/tiktok_4d_playback/static/js/lib-react.d1223d7aeb.js:2:108868)
    at iC (https://sf16-website-login.neutral.ttwstatic.com/obj/tiktok_web_login_static/tiktok_4d_playback/static/js/lib-react.d1223d7aeb.js:2:108752)
    at i_ (https://sf16-website-login.neutral.ttwstatic.com/obj/tiktok_web_login_static/tiktok_4d_playback/static/js/lib-react.d1223d7aeb.js:2:108848)
    at iC (https://sf16-website-login.neutral.ttwstatic.com/obj/tiktok_web_login_static/tiktok_4d_playback/static/js/lib-react.d1223d7aeb.js:2:108752) @ https://sf16-website-login.neutral.ttwstatic.com/obj/tiktok_web_login_static/tiktok_4d_playback/static/js/async/109.2042ff0b52.js:1
[   81542ms] [ERROR] Consume appContext before init @ https://sf16-website-login.neutral.ttwstatic.com/obj/tiktok_web_login_static/tiktok_4d_playback/static/js/main.bb7fc0ec4b.js:1
[   81543ms] [ERROR] Consume appContext before init @ https://sf16-website-login.neutral.ttwstatic.com/obj/tiktok_web_login_static/tiktok_4d_playback/static/js/main.bb7fc0ec4b.js:1
[   81576ms] [WARNING] getRelatedApps failed InvalidStateError: Failed to execute 'getInstalledRelatedApps' on 'Navigator': getInstalledRelatedApps() is only supported in top-level browsing contexts.
    at o (https://sf16-website-login.neutral.ttwstatic.com/obj/tiktok_web_login_static/tiktok_4d_playback/static/js/async/109.2042ff0b52.js:2:18475)
    at o.next (<anonymous>)
    at https://sf16-website-login.neutral.ttwstatic.com/obj/tiktok_web_login_static/tiktok_4d_playback/static/js/async/109.2042ff0b52.js:2:18893
    at new Promise (<anonymous>)
    at https://sf16-website-login.neutral.ttwstatic.com/obj/tiktok_web_login_static/tiktok_4d_playback/static/js/async/109.2042ff0b52.js:2:18642
    at o1 (https://sf16-website-login.neutral.ttwstatic.com/obj/tiktok_web_login_static/tiktok_4d_playback/static/js/lib-react.d1223d7aeb.js:2:92980)
    at i_ (https://sf16-website-login.neutral.ttwstatic.com/obj/tiktok_web_login_static/tiktok_4d_playback/static/js/lib-react.d1223d7aeb.js:2:108868)
    at iC (https://sf16-website-login.neutral.ttwstatic.com/obj/tiktok_web_login_static/tiktok_4d_playback/static/js/lib-react.d1223d7aeb.js:2:108752)
    at i_ (https://sf16-website-login.neutral.ttwstatic.com/obj/tiktok_web_login_static/tiktok_4d_playback/static/js/lib-react.d1223d7aeb.js:2:108848)
    at iC (https://sf16-website-login.neutral.ttwstatic.com/obj/tiktok_web_login_static/tiktok_4d_playback/static/js/lib-react.d1223d7aeb.js:2:108752) @ https://sf16-website-login.neutral.ttwstatic.com/obj/tiktok_web_login_static/tiktok_4d_playback/static/js/async/109.2042ff0b52.js:1
[   81736ms] [LOG] %c %s color: yellow; background-color: black; [instance: cookie_banner_tea_sdk] appid: 345918, userInfo:{"user_unique_id":"7625719969049724434","web_id":"7625719969049724434"} @ https://sf16-website-login.neutral.ttwstatic.com/obj/tiktok_web_login_static/tiktok_4d_playback/static/js/421.c946f38bd7.js:1
[   81737ms] [LOG] %c %s color: yellow; background-color: black; [instance: cookie_banner_tea_sdk] appid: 345918, sdk is ready, version is 5.3.15_oversea, you can report now !!! @ https://sf16-website-login.neutral.ttwstatic.com/obj/tiktok_web_login_static/tiktok_4d_playback/static/js/421.c946f38bd7.js:1
[   81794ms] [ERROR] Consume appContext before init @ https://sf16-website-login.neutral.ttwstatic.com/obj/tiktok_web_login_static/tiktok_4d_playback/static/js/main.bb7fc0ec4b.js:1
[   82003ms] [ERROR] Consume appContext before init @ https://sf16-website-login.neutral.ttwstatic.com/obj/tiktok_web_login_static/tiktok_4d_playback/static/js/main.bb7fc0ec4b.js:1
