[    1992ms] [WARNING] Allow attribute will take precedence over 'allowfullscreen'. @ https://www.theqah.com.sa/:7
[    5319ms] [WARNING] You will need to pass in an @ies/starling_intl instance by using registerReactInstance @ https://sf16-website-login.neutral.ttwstatic.com/obj/tiktok_web_login_static/tiktok_4d_playback/static/js/421.c946f38bd7.js:1
[    5343ms] [WARNING] You will need to pass in an @ies/starling_intl instance by using registerReactInstance @ https://sf16-website-login.neutral.ttwstatic.com/obj/tiktok_web_login_static/tiktok_4d_playback/static/js/421.c946f38bd7.js:1
[    5487ms] [ERROR] Consume appContext before init @ https://sf16-website-login.neutral.ttwstatic.com/obj/tiktok_web_login_static/tiktok_4d_playback/static/js/main.bb7fc0ec4b.js:1
[    5489ms] [ERROR] Consume appContext before init @ https://sf16-website-login.neutral.ttwstatic.com/obj/tiktok_web_login_static/tiktok_4d_playback/static/js/main.bb7fc0ec4b.js:1
[    5489ms] [ERROR] Consume appContext before init @ https://sf16-website-login.neutral.ttwstatic.com/obj/tiktok_web_login_static/tiktok_4d_playback/static/js/main.bb7fc0ec4b.js:1
[    5540ms] [ERROR] Consume appContext before init @ https://sf16-website-login.neutral.ttwstatic.com/obj/tiktok_web_login_static/tiktok_4d_playback/static/js/main.bb7fc0ec4b.js:1
[    5540ms] [ERROR] Consume appContext before init @ https://sf16-website-login.neutral.ttwstatic.com/obj/tiktok_web_login_static/tiktok_4d_playback/static/js/main.bb7fc0ec4b.js:1
[    5560ms] [WARNING] getRelatedApps failed InvalidStateError: Failed to execute 'getInstalledRelatedApps' on 'Navigator': getInstalledRelatedApps() is only supported in top-level browsing contexts.
    at o (https://sf16-website-login.neutral.ttwstatic.com/obj/tiktok_web_login_static/tiktok_4d_playback/static/js/async/109.2042ff0b52.js:2:18475)
    at o.next (<anonymous>)
    at https://sf16-website-login.neutral.ttwstatic.com/obj/tiktok_web_login_static/tiktok_4d_playback/static/js/async/109.2042ff0b52.js:2:18893
    at new Promise (<anonymous>)
    at https://sf16-website-login.neutral.ttwstatic.com/obj/tiktok_web_login_static/tiktok_4d_playback/static/js/async/109.2042ff0b52.js:2:18642
    at o1 (https://sf16-website-login.neutral.ttwstatic.com/obj/tiktok_web_login_static/tiktok_4d_playback/static/js/lib-react.d1223d7aeb.js:2:92980)
    at i_ (https://sf16-website-login.neutral.ttwstatic.com/obj/tiktok_web_login_static/tiktok_4d_playback/static/js/lib-react.d1223d7aeb.js:2:108868)
    at iC (https://sf16-website-login.neutral.ttwstatic.com/obj/tiktok_web_login_static/tiktok_4d_playback/static/js/lib-react.d1223d7aeb.js:2:108752)
    at i_ (https://sf16-website-login.neutral.ttwstatic.com/obj/tiktok_web_login_static/tiktok_4d_playback/static/js/lib-react.d1223d7aeb.js:2:108848)
    at iC (https://sf16-website-login.neutral.ttwstatic.com/obj/tiktok_web_login_static/tiktok_4d_playback/static/js/lib-react.d1223d7aeb.js:2:108752) @ https://sf16-website-login.neutral.ttwstatic.com/obj/tiktok_web_login_static/tiktok_4d_playback/static/js/async/109.2042ff0b52.js:1
[    5568ms] [WARNING] getRelatedApps failed InvalidStateError: Failed to execute 'getInstalledRelatedApps' on 'Navigator': getInstalledRelatedApps() is only supported in top-level browsing contexts.
    at o (https://sf16-website-login.neutral.ttwstatic.com/obj/tiktok_web_login_static/tiktok_4d_playback/static/js/async/109.2042ff0b52.js:2:18475)
    at o.next (<anonymous>)
    at https://sf16-website-login.neutral.ttwstatic.com/obj/tiktok_web_login_static/tiktok_4d_playback/static/js/async/109.2042ff0b52.js:2:18893
    at new Promise (<anonymous>)
    at https://sf16-website-login.neutral.ttwstatic.com/obj/tiktok_web_login_static/tiktok_4d_playback/static/js/async/109.2042ff0b52.js:2:18642
    at o1 (https://sf16-website-login.neutral.ttwstatic.com/obj/tiktok_web_login_static/tiktok_4d_playback/static/js/lib-react.d1223d7aeb.js:2:92980)
    at i_ (https://sf16-website-login.neutral.ttwstatic.com/obj/tiktok_web_login_static/tiktok_4d_playback/static/js/lib-react.d1223d7aeb.js:2:108868)
    at iC (https://sf16-website-login.neutral.ttwstatic.com/obj/tiktok_web_login_static/tiktok_4d_playback/static/js/lib-react.d1223d7aeb.js:2:108752)
    at i_ (https://sf16-website-login.neutral.ttwstatic.com/obj/tiktok_web_login_static/tiktok_4d_playback/static/js/lib-react.d1223d7aeb.js:2:108848)
    at iC (https://sf16-website-login.neutral.ttwstatic.com/obj/tiktok_web_login_static/tiktok_4d_playback/static/js/lib-react.d1223d7aeb.js:2:108752) @ https://sf16-website-login.neutral.ttwstatic.com/obj/tiktok_web_login_static/tiktok_4d_playback/static/js/async/109.2042ff0b52.js:1
[    5899ms] [ERROR] Consume appContext before init @ https://sf16-website-login.neutral.ttwstatic.com/obj/tiktok_web_login_static/tiktok_4d_playback/static/js/main.bb7fc0ec4b.js:1
[    5917ms] [ERROR] Consume appContext before init @ https://sf16-website-login.neutral.ttwstatic.com/obj/tiktok_web_login_static/tiktok_4d_playback/static/js/main.bb7fc0ec4b.js:1
[    6086ms] [LOG] %c %s color: yellow; background-color: black; [instance: default] appid: 1988, userInfo:{"user_unique_id":"7625719949962020359","web_id":"7625719966516446727"} @ https://sf16-website-login.neutral.ttwstatic.com/obj/tiktok_web_login_static/log-sdk/collect/5.2/oversea/collect.js:0
[    6087ms] [LOG] %c %s color: yellow; background-color: black; [instance: default] appid: 1988, sdk is ready, version is 5.3.12_oversea, you can report now !!! @ https://sf16-website-login.neutral.ttwstatic.com/obj/tiktok_web_login_static/log-sdk/collect/5.2/oversea/collect.js:0
[    6093ms] [LOG] %c %s color: yellow; background-color: black; [instance: default] appid: 1988, userInfo:{"user_unique_id":"7625719951647360519","web_id":"7625719967263983111"} @ https://sf16-website-login.neutral.ttwstatic.com/obj/tiktok_web_login_static/log-sdk/collect/5.2/oversea/collect.js:0
[    6093ms] [LOG] %c %s color: yellow; background-color: black; [instance: default] appid: 1988, sdk is ready, version is 5.3.12_oversea, you can report now !!! @ https://sf16-website-login.neutral.ttwstatic.com/obj/tiktok_web_login_static/log-sdk/collect/5.2/oversea/collect.js:0
[    6477ms] [LOG] %c %s color: yellow; background-color: black; [instance: cookie_banner_tea_sdk] appid: 345918, userInfo:{"user_unique_id":"7625719969405863442","web_id":"7625719969405863442"} @ https://sf16-website-login.neutral.ttwstatic.com/obj/tiktok_web_login_static/tiktok_4d_playback/static/js/421.c946f38bd7.js:1
[    6477ms] [LOG] %c %s color: yellow; background-color: black; [instance: cookie_banner_tea_sdk] appid: 345918, sdk is ready, version is 5.3.15_oversea, you can report now !!! @ https://sf16-website-login.neutral.ttwstatic.com/obj/tiktok_web_login_static/tiktok_4d_playback/static/js/421.c946f38bd7.js:1
[    6759ms] [LOG] %c %s color: yellow; background-color: black; [instance: cookie_banner_tea_sdk] appid: 345918, userInfo:{"user_unique_id":"7625719969049724434","web_id":"7625719969049724434"} @ https://sf16-website-login.neutral.ttwstatic.com/obj/tiktok_web_login_static/tiktok_4d_playback/static/js/421.c946f38bd7.js:1
[    6759ms] [LOG] %c %s color: yellow; background-color: black; [instance: cookie_banner_tea_sdk] appid: 345918, sdk is ready, version is 5.3.15_oversea, you can report now !!! @ https://sf16-website-login.neutral.ttwstatic.com/obj/tiktok_web_login_static/tiktok_4d_playback/static/js/421.c946f38bd7.js:1
